c:\users\phpc\iclouddrive\code\flood fill\flood fill\debug\vc141.pdb
c:\users\phpc\iclouddrive\code\flood fill\flood fill\debug\vc141.idb
c:\users\phpc\iclouddrive\code\flood fill\flood fill\debug\title.obj
c:\users\phpc\iclouddrive\code\flood fill\flood fill\debug\textcache.obj
c:\users\phpc\iclouddrive\code\flood fill\flood fill\debug\statemachine.obj
c:\users\phpc\iclouddrive\code\flood fill\flood fill\debug\square.obj
c:\users\phpc\iclouddrive\code\flood fill\flood fill\debug\difficulty.obj
c:\users\phpc\iclouddrive\code\flood fill\flood fill\debug\mediacache.obj
c:\users\phpc\iclouddrive\code\flood fill\flood fill\debug\main.obj
c:\users\phpc\iclouddrive\code\flood fill\flood fill\debug\level.obj
c:\users\phpc\iclouddrive\code\flood fill\flood fill\debug\imagecache.obj
c:\users\phpc\iclouddrive\code\flood fill\flood fill\debug\highscore.obj
c:\users\phpc\iclouddrive\code\flood fill\flood fill\debug\gametexture.obj
c:\users\phpc\iclouddrive\code\flood fill\flood fill\debug\gameover.obj
c:\users\phpc\iclouddrive\code\flood fill\flood fill\debug\fontcache.obj
c:\users\phpc\iclouddrive\code\flood fill\flood fill\debug\engine.obj
c:\users\phpc\iclouddrive\code\flood fill\flood fill\debug\collisionengine.obj
c:\users\phpc\iclouddrive\code\flood fill\flood fill\debug\board.obj
e:\dropbox\code\c++\flood fill\flood fill\debug\vc141.pdb
e:\dropbox\code\c++\flood fill\flood fill\debug\vc141.idb
e:\dropbox\code\c++\flood fill\flood fill\debug\title.obj
e:\dropbox\code\c++\flood fill\flood fill\debug\textcache.obj
e:\dropbox\code\c++\flood fill\flood fill\debug\statemachine.obj
e:\dropbox\code\c++\flood fill\flood fill\debug\square.obj
e:\dropbox\code\c++\flood fill\flood fill\debug\difficulty.obj
e:\dropbox\code\c++\flood fill\flood fill\debug\mediacache.obj
e:\dropbox\code\c++\flood fill\flood fill\debug\main.obj
e:\dropbox\code\c++\flood fill\flood fill\debug\level.obj
e:\dropbox\code\c++\flood fill\flood fill\debug\imagecache.obj
e:\dropbox\code\c++\flood fill\flood fill\debug\highscore.obj
e:\dropbox\code\c++\flood fill\flood fill\debug\gametexture.obj
e:\dropbox\code\c++\flood fill\flood fill\debug\gameover.obj
e:\dropbox\code\c++\flood fill\flood fill\debug\fontcache.obj
e:\dropbox\code\c++\flood fill\flood fill\debug\engine.obj
e:\dropbox\code\c++\flood fill\flood fill\debug\collisionengine.obj
e:\dropbox\code\c++\flood fill\flood fill\debug\board.obj
e:\dropbox\code\c++\flood fill\debug\flood fill.pdb
e:\dropbox\code\c++\flood fill\debug\flood fill.exe
e:\dropbox\code\c++\flood fill\debug\flood fill.ilk
e:\dropbox\code\c++\flood fill\flood fill\debug\flood fill.tlog\cl.command.1.tlog
e:\dropbox\code\c++\flood fill\flood fill\debug\flood fill.tlog\cl.read.1.tlog
e:\dropbox\code\c++\flood fill\flood fill\debug\flood fill.tlog\cl.write.1.tlog
e:\dropbox\code\c++\flood fill\flood fill\debug\flood fill.tlog\link.16920-cvtres.read.1.tlog
e:\dropbox\code\c++\flood fill\flood fill\debug\flood fill.tlog\link.16920-cvtres.write.1.tlog
e:\dropbox\code\c++\flood fill\flood fill\debug\flood fill.tlog\link.16920-rc.read.1.tlog
e:\dropbox\code\c++\flood fill\flood fill\debug\flood fill.tlog\link.16920-rc.write.1.tlog
e:\dropbox\code\c++\flood fill\flood fill\debug\flood fill.tlog\link.16920.read.1.tlog
e:\dropbox\code\c++\flood fill\flood fill\debug\flood fill.tlog\link.16920.write.1.tlog
e:\dropbox\code\c++\flood fill\flood fill\debug\flood fill.tlog\link.command.1.tlog
e:\dropbox\code\c++\flood fill\flood fill\debug\flood fill.tlog\link.read.1.tlog
e:\dropbox\code\c++\flood fill\flood fill\debug\flood fill.tlog\link.write.1.tlog
